<?xml version="1.0" encoding="UTF-8"?>
<!-- Generated by org.testng.reporters.JUnitXMLReporter -->
<testsuite ignored="0" hostname="SP-MMarmol-MacbookPro2017.local" failures="0" tests="6" name="Default test" time="0.078" errors="0" timestamp="2021-07-25T14:58:43 PST">
  <testcase classname="qaclickacademy.AppTest" name="Login" time="0.007"/>
  <testcase classname="qaclickacademy.AppTest" name="browser" time="0.003"/>
  <testcase classname="qaclickacademy.AppTest3" name="module1" time="0.003"/>
  <testcase classname="qaclickacademy.AppTest3" name="module2" time="0.001"/>
  <testcase classname="qaclickacademy.AppTest2" name="Homepage" time="0.001"/>
  <testcase classname="qaclickacademy.AppTest2" name="Settings" time="0.008"/>
</testsuite> <!-- Default test -->
