<?xml version="1.0" encoding="UTF-8"?>
<testng-results ignored="0" total="6" passed="6" failed="0" skipped="0">
  <reporter-output>
  </reporter-output>
  <suite started-at="2021-07-25T16:37:31 PST" name="Suite" finished-at="2021-07-25T16:37:31 PST" duration-ms="35">
    <groups>
    </groups>
    <test started-at="2021-07-25T16:37:31 PST" name="Test" finished-at="2021-07-25T16:37:31 PST" duration-ms="35">
      <class name="qaclickacademy.AppTest">
        <test-method signature="Login()[pri:0, instance:qaclickacademy.AppTest@5ad851c9]" started-at="2021-07-25T16:37:31 PST" name="Login" finished-at="2021-07-25T16:37:31 PST" duration-ms="0" status="PASS">
          <reporter-output>
          </reporter-output>
        </test-method> <!-- Login -->
        <test-method signature="browser()[pri:0, instance:qaclickacademy.AppTest@5ad851c9]" started-at="2021-07-25T16:37:31 PST" name="browser" finished-at="2021-07-25T16:37:31 PST" duration-ms="0" status="PASS">
          <reporter-output>
          </reporter-output>
        </test-method> <!-- browser -->
      </class> <!-- qaclickacademy.AppTest -->
      <class name="qaclickacademy.AppTest3">
        <test-method signature="module1()[pri:0, instance:qaclickacademy.AppTest3@7920ba90]" started-at="2021-07-25T16:37:31 PST" name="module1" finished-at="2021-07-25T16:37:31 PST" duration-ms="4" status="PASS">
          <reporter-output>
          </reporter-output>
        </test-method> <!-- module1 -->
        <test-method signature="module2()[pri:0, instance:qaclickacademy.AppTest3@7920ba90]" started-at="2021-07-25T16:37:31 PST" name="module2" finished-at="2021-07-25T16:37:31 PST" duration-ms="0" status="PASS">
          <reporter-output>
          </reporter-output>
        </test-method> <!-- module2 -->
      </class> <!-- qaclickacademy.AppTest3 -->
      <class name="qaclickacademy.AppTest2">
        <test-method signature="Settings()[pri:0, instance:qaclickacademy.AppTest2@5c1a8622]" started-at="2021-07-25T16:37:31 PST" name="Settings" finished-at="2021-07-25T16:37:31 PST" duration-ms="0" status="PASS">
          <reporter-output>
          </reporter-output>
        </test-method> <!-- Settings -->
        <test-method signature="Homepage()[pri:0, instance:qaclickacademy.AppTest2@5c1a8622]" started-at="2021-07-25T16:37:31 PST" name="Homepage" finished-at="2021-07-25T16:37:31 PST" duration-ms="0" status="PASS">
          <reporter-output>
          </reporter-output>
        </test-method> <!-- Homepage -->
      </class> <!-- qaclickacademy.AppTest2 -->
    </test> <!-- Test -->
  </suite> <!-- Suite -->
</testng-results>
