<?xml version="1.0" encoding="UTF-8"?>
<!-- Generated by org.testng.reporters.JUnitXMLReporter -->
<testsuite ignored="0" hostname="SP-MMarmol-MacbookPro2017.local" failures="0" tests="6" name="Test" time="0.035" errors="0" timestamp="2021-07-25T16:37:32 PST">
  <testcase classname="qaclickacademy.AppTest3" name="module1" time="0.004"/>
  <testcase classname="qaclickacademy.AppTest3" name="module2" time="0.0"/>
  <testcase classname="qaclickacademy.AppTest2" name="Homepage" time="0.0"/>
  <testcase classname="qaclickacademy.AppTest2" name="Settings" time="0.0"/>
  <testcase classname="qaclickacademy.AppTest" name="Login" time="0.0"/>
  <testcase classname="qaclickacademy.AppTest" name="browser" time="0.0"/>
</testsuite> <!-- Test -->
