<?xml version="1.0" encoding="UTF-8"?>
<testng-results ignored="0" total="6" passed="6" failed="0" skipped="0">
  <reporter-output>
  </reporter-output>
  <suite started-at="2021-07-25T14:58:43 PST" name="Default suite" finished-at="2021-07-25T14:58:43 PST" duration-ms="78">
    <groups>
    </groups>
    <test started-at="2021-07-25T14:58:43 PST" name="Default test" finished-at="2021-07-25T14:58:43 PST" duration-ms="78">
      <class name="qaclickacademy.AppTest">
        <test-method signature="Login()[pri:0, instance:qaclickacademy.AppTest@48fa0f47]" started-at="2021-07-25T14:58:43 PST" name="Login" finished-at="2021-07-25T14:58:43 PST" duration-ms="7" status="PASS">
          <reporter-output>
          </reporter-output>
        </test-method> <!-- Login -->
        <test-method signature="browser()[pri:0, instance:qaclickacademy.AppTest@48fa0f47]" started-at="2021-07-25T14:58:43 PST" name="browser" finished-at="2021-07-25T14:58:43 PST" duration-ms="3" status="PASS">
          <reporter-output>
          </reporter-output>
        </test-method> <!-- browser -->
      </class> <!-- qaclickacademy.AppTest -->
      <class name="qaclickacademy.AppTest3">
        <test-method signature="module1()[pri:0, instance:qaclickacademy.AppTest3@4b5a5ed1]" started-at="2021-07-25T14:58:43 PST" name="module1" finished-at="2021-07-25T14:58:43 PST" duration-ms="3" status="PASS">
          <reporter-output>
          </reporter-output>
        </test-method> <!-- module1 -->
        <test-method signature="module2()[pri:0, instance:qaclickacademy.AppTest3@4b5a5ed1]" started-at="2021-07-25T14:58:43 PST" name="module2" finished-at="2021-07-25T14:58:43 PST" duration-ms="1" status="PASS">
          <reporter-output>
          </reporter-output>
        </test-method> <!-- module2 -->
      </class> <!-- qaclickacademy.AppTest3 -->
      <class name="qaclickacademy.AppTest2">
        <test-method signature="Homepage()[pri:0, instance:qaclickacademy.AppTest2@59d016c9]" started-at="2021-07-25T14:58:43 PST" name="Homepage" finished-at="2021-07-25T14:58:43 PST" duration-ms="1" status="PASS">
          <reporter-output>
          </reporter-output>
        </test-method> <!-- Homepage -->
        <test-method signature="Settings()[pri:0, instance:qaclickacademy.AppTest2@59d016c9]" started-at="2021-07-25T14:58:43 PST" name="Settings" finished-at="2021-07-25T14:58:43 PST" duration-ms="8" status="PASS">
          <reporter-output>
          </reporter-output>
        </test-method> <!-- Settings -->
      </class> <!-- qaclickacademy.AppTest2 -->
    </test> <!-- Default test -->
  </suite> <!-- Default suite -->
</testng-results>
